BioNetGen version 2.9.2
Reading from file c:\Users\laura\OneDrive - University of Pittsburgh\Desktop\SIAM2026\2026_07_08_SIAM_BioNetGen\ModelFilesAndOutputs\Example_SimpleSTAT\2026_07_07__14_07_30\Example_SimpleSTAT.bngl (level 0)
Read 26 parameters.
Read 9 molecule types.
Read 9 species.
Read 6 observable(s).
Read 13 reaction rule(s).
ACTION: simulate( method=>"cvode" )
ACTION: generate_network( Example_SimpleSTAT )
Iteration   0:     9 species      0 rxns  0.00e+00 CPU s
Iteration   1:    10 species      2 rxns  0.00e+00 CPU s
Iteration   2:    11 species      4 rxns  0.00e+00 CPU s
Iteration   3:    12 species      6 rxns  0.00e+00 CPU s
Iteration   4:    15 species     10 rxns  0.00e+00 CPU s
Iteration   5:    17 species     13 rxns  1.60e-02 CPU s
Iteration   6:    17 species     17 rxns  0.00e+00 CPU s
Cumulative CPU time for each rule
Rule   1:     2 reactions 0.00e+00 CPU s 0.00e+00 CPU s/rxn
Rule   2:     2 reactions 0.00e+00 CPU s 0.00e+00 CPU s/rxn
Rule   3:     2 reactions 0.00e+00 CPU s 0.00e+00 CPU s/rxn
Rule   4:     2 reactions 0.00e+00 CPU s 0.00e+00 CPU s/rxn
Rule   5:     1 reactions 0.00e+00 CPU s 0.00e+00 CPU s/rxn
Rule   6:     1 reactions 1.60e-02 CPU s 1.60e-02 CPU s/rxn
Rule   7:     1 reactions 0.00e+00 CPU s 0.00e+00 CPU s/rxn
Rule   8:     1 reactions 0.00e+00 CPU s 0.00e+00 CPU s/rxn
Rule   9:     1 reactions 0.00e+00 CPU s 0.00e+00 CPU s/rxn
Rule  10:     1 reactions 0.00e+00 CPU s 0.00e+00 CPU s/rxn
Rule  11:     1 reactions 0.00e+00 CPU s 0.00e+00 CPU s/rxn
Rule  12:     1 reactions 0.00e+00 CPU s 0.00e+00 CPU s/rxn
Rule  13:     1 reactions 0.00e+00 CPU s 0.00e+00 CPU s/rxn
Total   :    17 reactions 1.60e-02 CPU s 9.41e-04 CPU s/rxn
Wrote network in net format to Example_SimpleSTAT.net.
TSTART:0
TEND:90
Network simulation using cvode
WARNING: writeFile(): Overwriting existing file Example_SimpleSTAT.net.
Wrote network in net format to Example_SimpleSTAT.net.
Running run_network on IMMGTCHXPS1
full command: C:\Users\laura\anaconda3\Lib\site-packages\bionetgen\bng-win\bin\run_network.exe -o Example_SimpleSTAT -p cvode -a 1e-08 -r 1e-08 --cdat 1 --fdat 1 -g Example_SimpleSTAT.net Example_SimpleSTAT.net 0.989010989010989 91
[simulation PID is: 31976]
run_network 3.0
Activating functions output (to .gdat)
Read 26 parameters from Example_SimpleSTAT.net
Read 17 species from Example_SimpleSTAT.net
Read 6 group(s) from Example_SimpleSTAT.net
Read 0 function(s) from Example_SimpleSTAT.net
Found species with index 0 at line 51: assuming this is the null species.
Read 17 reaction(s) from Example_SimpleSTAT.net
17 reaction(s) have nonzero rate
Initialization took 0.00 CPU seconds
Propagating with cvode using dense LU
Time course of concentrations written to file Example_SimpleSTAT.cdat.
Time course of groups written to file Example_SimpleSTAT.gdat.
Propagation took 1.50e-02 CPU seconds
Program times:  0.01 CPU s 0.00 clock s
Updating species concentrations from Example_SimpleSTAT.cdat
CPU TIME: simulate 0.02 s.
Finished processing file c:\Users\laura\OneDrive - University of Pittsburgh\Desktop\SIAM2026\2026_07_08_SIAM_BioNetGen\ModelFilesAndOutputs\Example_SimpleSTAT\2026_07_07__14_07_30\Example_SimpleSTAT.bngl.
CPU TIME: total 0.05 s.